============================= test session starts ==============================
platform linux -- Python 3.12.3, pytest-9.0.2, pluggy-1.6.0
rootdir: /app
configfile: pyproject.toml
collected 0 items / 1 error

==================================== ERRORS ====================================
_________ ERROR collecting backend/tests/test_security_auth_guards.py __________
ImportError while importing test module '/app/backend/tests/test_security_auth_guards.py'.
Hint: make sure your test modules/packages have valid Python names.
Traceback:
/usr/lib/python3.12/importlib/__init__.py:90: in import_module
    return _bootstrap._gcd_import(name[level:], package, level)
           ^^^^^^^^^^^^^^^^^^^^^^^^^^^^^^^^^^^^^^^^^^^^^^^^^^^^
backend/tests/test_security_auth_guards.py:8: in <module>
    from fastapi.testclient import TestClient
E   ModuleNotFoundError: No module named 'fastapi'
=============================== warnings summary ===============================
../home/jules/.local/share/pipx/venvs/pytest/lib/python3.12/site-packages/_pytest/config/__init__.py:1428
  /home/jules/.local/share/pipx/venvs/pytest/lib/python3.12/site-packages/_pytest/config/__init__.py:1428: PytestConfigWarning: Unknown config option: asyncio_mode

    self._warn_or_fail_if_strict(f"Unknown config option: {key}\n")

-- Docs: https://docs.pytest.org/en/stable/how-to/capture-warnings.html
=========================== short test summary info ============================
ERROR backend/tests/test_security_auth_guards.py
!!!!!!!!!!!!!!!!!!!! Interrupted: 1 error during collection !!!!!!!!!!!!!!!!!!!!
========================= 1 warning, 1 error in 0.29s ==========================
